<?xml version="1.0" encoding="UTF-8"?>
<!-- Generated by org.testng.reporters.JUnitReportReporter -->
<testsuite hostname="LAPTOP-ATI1PMBG" failures="0" tests="1" name="practiceC1.PrintOrganizerName" time="19.030" errors="0" timestamp="2021-09-08T10:24:55 IST" skipped="0">
  <testcase classname="practiceC1.PrintOrganizerName" name="PrintOrganizer" time="19.030"/>
  <system-out/>
</testsuite> <!-- practiceC1.PrintOrganizerName -->
