<?xml version="1.0" encoding="UTF-8"?>
<!-- Generated by org.testng.reporters.JUnitReportReporter -->
<testsuite hostname="LAPTOP-ATI1PMBG" failures="0" tests="1" name="com.crm.autodesk.LeadTest.TC_15_CreateLeadTest" time="20.004" errors="0" timestamp="17 Sep 2021 06:29:04 GMT" skipped="0">
  <testcase classname="com.crm.autodesk.LeadTest.TC_15_CreateLeadTest" name="CreateLeadTest" time="20.004"/>
</testsuite> <!-- com.crm.autodesk.LeadTest.TC_15_CreateLeadTest -->
