<?xml version="1.0" encoding="UTF-8"?>
<!-- Generated by org.testng.reporters.JUnitReportReporter -->
<testsuite hostname="LAPTOP-ATI1PMBG" failures="0" tests="1" name="com.crm.autodesk.ContactsTest.TC_02_CreateOrganizationWithIndustry" time="31.790" errors="0" timestamp="2021-09-09T10:17:05 IST" skipped="0">
  <testcase classname="com.crm.autodesk.ContactsTest.TC_02_CreateOrganizationWithIndustry" name="createcontactwithOrganization" time="31.790"/>
  <system-out/>
</testsuite> <!-- com.crm.autodesk.ContactsTest.TC_02_CreateOrganizationWithIndustry -->
