<?xml version="1.0" encoding="UTF-8"?>
<!-- Generated by org.testng.reporters.JUnitReportReporter -->
<testsuite hostname="LAPTOP-ATI1PMBG" failures="0" tests="1" name="com.crm.autodesk.LeadTest.TC_14_CreateLeadTest" time="70.387" errors="0" timestamp="23 Sep 2021 08:26:41 GMT" skipped="0">
  <testcase classname="com.crm.autodesk.LeadTest.TC_14_CreateLeadTest" name="CreateLeadTest" time="70.387"/>
</testsuite> <!-- com.crm.autodesk.LeadTest.TC_14_CreateLeadTest -->
