<?xml version="1.0" encoding="UTF-8"?>
<!-- Generated by org.testng.reporters.JUnitReportReporter -->
<testsuite hostname="LAPTOP-ATI1PMBG" failures="0" tests="3" name="com.crm.autodesk.LeadTest.TC_14_CreateLeadTest" time="110.388" errors="0" timestamp="22 Sep 2021 16:20:48 GMT" skipped="0">
  <testcase classname="com.crm.autodesk.LeadTest.TC_14_CreateLeadTest" name="CreateLeadTest" time="37.733"/>
  <testcase classname="com.crm.autodesk.LeadTest.TC_14_CreateLeadTest" name="CreateLeadTest" time="35.502"/>
  <testcase classname="com.crm.autodesk.LeadTest.TC_14_CreateLeadTest" name="CreateLeadTest" time="37.153"/>
</testsuite> <!-- com.crm.autodesk.LeadTest.TC_14_CreateLeadTest -->
