<?xml version="1.0" encoding="UTF-8"?>
<!-- Generated by org.testng.reporters.JUnitReportReporter -->
<testsuite hostname="LAPTOP-ATI1PMBG" failures="0" tests="1" name="com.crm.autodesk.LeadTest.TC_13_CreateLeadTest" time="59.496" errors="0" timestamp="23 Sep 2021 08:26:41 GMT" skipped="0">
  <testcase classname="com.crm.autodesk.LeadTest.TC_13_CreateLeadTest" name="CreateLeadTest" time="59.496"/>
</testsuite> <!-- com.crm.autodesk.LeadTest.TC_13_CreateLeadTest -->
