<?xml version="1.0" encoding="UTF-8"?>
<!-- Generated by org.testng.reporters.JUnitReportReporter -->
<testsuite hostname="LAPTOP-ATI1PMBG" failures="0" tests="3" name="com.crm.autodesk.LeadTest.TC_14_CreateLeadTest" time="101.638" errors="0" timestamp="17 Sep 2021 09:05:30 GMT" skipped="0">
  <testcase classname="com.crm.autodesk.LeadTest.TC_14_CreateLeadTest" name="CreateLeadTest" time="33.583"/>
  <testcase classname="com.crm.autodesk.LeadTest.TC_14_CreateLeadTest" name="CreateLeadTest" time="33.649"/>
  <testcase classname="com.crm.autodesk.LeadTest.TC_14_CreateLeadTest" name="CreateLeadTest" time="34.406"/>
</testsuite> <!-- com.crm.autodesk.LeadTest.TC_14_CreateLeadTest -->
