<?xml version="1.0" encoding="UTF-8"?>
<!-- Generated by org.testng.reporters.JUnitReportReporter -->
<testsuite hostname="LAPTOP-ATI1PMBG" failures="0" tests="1" name="practiceC1.DeleteThirdRow" time="11.568" errors="0" timestamp="2021-09-07T21:25:19 IST" skipped="0">
  <testcase classname="practiceC1.DeleteThirdRow" name="contactTest" time="11.568"/>
  <system-out/>
</testsuite> <!-- practiceC1.DeleteThirdRow -->
