<?xml version="1.0" encoding="UTF-8"?>
<!-- Generated by org.testng.reporters.JUnitReportReporter -->
<testsuite hostname="LAPTOP-ATI1PMBG" failures="0" tests="1" name="com.crm.autodesk.ContactsTest.TC_03_CreateContactAndAddFile" time="36.201" errors="0" timestamp="2021-09-12T16:08:11 IST" skipped="0">
  <testcase classname="com.crm.autodesk.ContactsTest.TC_03_CreateContactAndAddFile" name="CreateContactAndAddFile" time="36.201"/>
  <system-out/>
</testsuite> <!-- com.crm.autodesk.ContactsTest.TC_03_CreateContactAndAddFile -->
