<?xml version="1.0" encoding="UTF-8"?>
<!-- Generated by org.testng.reporters.JUnitReportReporter -->
<testsuite hostname="LAPTOP-ATI1PMBG" failures="0" tests="1" name="com.crm.autodesk.ContactsTest.TC_03_CreateProductAndVerify" time="27.015" errors="0" timestamp="2021-09-10T21:19:50 IST" skipped="0">
  <testcase classname="com.crm.autodesk.ContactsTest.TC_03_CreateProductAndVerify" name="createProductAndVerify" time="27.015"/>
  <system-out/>
</testsuite> <!-- com.crm.autodesk.ContactsTest.TC_03_CreateProductAndVerify -->
