<?xml version="1.0" encoding="UTF-8"?>
<!-- Generated by org.testng.reporters.JUnitReportReporter -->
<testsuite hostname="LAPTOP-ATI1PMBG" failures="0" tests="1" name="practice.ReadDataFromxml" time="0.013" errors="0" timestamp="2021-09-07T17:08:09 IST" skipped="0">
  <testcase classname="practice.ReadDataFromxml" name="readDataFromXML" time="0.013"/>
  <system-out/>
</testsuite> <!-- practice.ReadDataFromxml -->
