<?xml version="1.0" encoding="UTF-8"?>
<!-- Generated by org.testng.reporters.JUnitReportReporter -->
<testsuite hostname="LAPTOP-ATI1PMBG" failures="0" tests="2" name="com.crm.autodesk.LeadTest.TC_11_CreateLeadTest" time="39.051" errors="0" timestamp="20 Sep 2021 17:04:54 GMT" skipped="0">
  <testcase classname="com.crm.autodesk.LeadTest.TC_11_CreateLeadTest" name="CreateLeadTest" time="19.239"/>
  <testcase classname="com.crm.autodesk.LeadTest.TC_11_CreateLeadTest" name="CreateLeadTest" time="19.812"/>
</testsuite> <!-- com.crm.autodesk.LeadTest.TC_11_CreateLeadTest -->
