<?xml version="1.0" encoding="UTF-8"?>
<!-- Generated by org.testng.reporters.JUnitReportReporter -->
<testsuite hostname="LAPTOP-ATI1PMBG" failures="0" tests="1" name="com.crm.autodesk.ContactsTest.TC_01_CreateWithOrganizationTest" time="21.106" errors="0" timestamp="2021-09-09T11:05:06 IST" skipped="0">
  <testcase classname="com.crm.autodesk.ContactsTest.TC_01_CreateWithOrganizationTest" name="createcontactwithOrganization" time="21.106"/>
  <system-out/>
</testsuite> <!-- com.crm.autodesk.ContactsTest.TC_01_CreateWithOrganizationTest -->
