<?xml version="1.0" encoding="UTF-8"?>
<!-- Generated by org.testng.reporters.JUnitReportReporter -->
<testsuite skipped="0" hostname="LAPTOP-ATI1PMBG" name="com.crm.autodesk.LeadTest.TC_12_CreateLeadTest" tests="1" failures="0" timestamp="21 Sep 2021 11:50:36 GMT" time="24.611" errors="0">
  <testcase name="CreateLeadTest" time="24.611" classname="com.crm.autodesk.LeadTest.TC_12_CreateLeadTest"/>
</testsuite> <!-- com.crm.autodesk.LeadTest.TC_12_CreateLeadTest -->
