<?xml version="1.0" encoding="UTF-8"?>
<!-- Generated by org.testng.reporters.JUnitReportReporter -->
<testsuite skipped="0" hostname="LAPTOP-ATI1PMBG" name="com.crm.autodesk.LeadTest.TC_13_CreateLeadTest" tests="1" failures="0" timestamp="23 Sep 2021 05:13:20 GMT" time="20.147" errors="0">
  <testcase name="CreateLeadTest" time="20.147" classname="com.crm.autodesk.LeadTest.TC_13_CreateLeadTest"/>
</testsuite> <!-- com.crm.autodesk.LeadTest.TC_13_CreateLeadTest -->
