<?xml version="1.0" encoding="UTF-8"?>
<!-- Generated by org.testng.reporters.JUnitReportReporter -->
<testsuite skipped="0" hostname="LAPTOP-ATI1PMBG" name="practice.Sample_MavenParameterTest" tests="1" failures="0" timestamp="21 Sep 2021 11:50:36 GMT" time="2.589" errors="0">
  <testcase name="sampleTest" time="2.589" classname="practice.Sample_MavenParameterTest"/>
</testsuite> <!-- practice.Sample_MavenParameterTest -->
