<?xml version="1.0" encoding="UTF-8"?>
<!-- Generated by org.testng.reporters.JUnitReportReporter -->
<testsuite skipped="0" hostname="LAPTOP-ATI1PMBG" name="com.crm.autodesk.LeadTest.TC_15_CreateLeadTest" tests="1" failures="0" timestamp="23 Sep 2021 05:13:20 GMT" time="19.470" errors="0">
  <testcase name="CreateLeadTest" time="19.470" classname="com.crm.autodesk.LeadTest.TC_15_CreateLeadTest"/>
</testsuite> <!-- com.crm.autodesk.LeadTest.TC_15_CreateLeadTest -->
